Using pre-set license
Built from '2020.3/staging' branch; Version is '2020.3.16f1 (049d6eca3c44) revision 302446'; Using compiler version '192528614'; Build Type 'Release'
OS: 'Windows 10 Pro; OS build 19043.1165; Version 2009; 64bit' Language: 'es' Physical Memory: 24520 MB
BatchMode: 1, IsHumanControllingUs: 0, StartBugReporterOnCrash: 0, Is64bit: 1, IsPro: 0

 COMMAND LINE ARGUMENTS:
C:\Program Files\Unity\Hub\Editor\2020.3.16f1\Editor\Unity.exe
-adb2
-batchMode
-noUpm
-name
AssetImportWorker0
-projectPath
C:/Users/cris_/laberinto
-logFile
Logs/AssetImportWorker0.log
-srvPort
50122
Successfully changed project path to: C:/Users/cris_/laberinto
C:/Users/cris_/laberinto
Using Asset Import Pipeline V2.
Refreshing native plugins compatible for Editor in 41.04 ms, found 3 plugins.
Preloading 0 native plugins for Editor in 0.00 ms.
Initialize engine version: 2020.3.16f1 (049d6eca3c44)
[Subsystems] Discovering subsystems at path C:/Program Files/Unity/Hub/Editor/2020.3.16f1/Editor/Data/Resources/UnitySubsystems
[Subsystems] Discovering subsystems at path C:/Users/cris_/laberinto/Assets
GfxDevice: creating device client; threaded=0
Direct3D:
    Version:  Direct3D 11.0 [level 11.1]
    Renderer: NVIDIA GeForce GTX 1050 Ti (ID=0x1c82)
    Vendor:   
    VRAM:     4018 MB
    Driver:   27.21.14.5671
Initialize mono
Mono path[0] = 'C:/Program Files/Unity/Hub/Editor/2020.3.16f1/Editor/Data/Managed'
Mono path[1] = 'C:/Program Files/Unity/Hub/Editor/2020.3.16f1/Editor/Data/MonoBleedingEdge/lib/mono/unityjit'
Mono config path = 'C:/Program Files/Unity/Hub/Editor/2020.3.16f1/Editor/Data/MonoBleedingEdge/etc'
Using monoOptions --debugger-agent=transport=dt_socket,embedding=1,server=y,suspend=n,address=127.0.0.1:56428
Begin MonoManager ReloadAssembly
Registering precompiled unity dll's ...
Register platform support module: C:/Program Files/Unity/Hub/Editor/2020.3.16f1/Editor/Data/PlaybackEngines/WindowsStandaloneSupport/UnityEditor.WindowsStandalone.Extensions.dll
Registered in 0.001818 seconds.
Native extension for WindowsStandalone target not found
Refreshing native plugins compatible for Editor in 38.05 ms, found 3 plugins.
Preloading 0 native plugins for Editor in 0.00 ms.
Mono: successfully reloaded assembly
- Completed reload, in  1.030 seconds
Domain Reload Profiling:
	ReloadAssembly (1030ms)
		BeginReloadAssembly (50ms)
			ExecutionOrderSort (0ms)
			DisableScriptedObjects (0ms)
			BackupInstance (0ms)
			ReleaseScriptingObjects (0ms)
			CreateAndSetChildDomain (1ms)
		EndReloadAssembly (372ms)
			LoadAssemblies (48ms)
			RebuildTransferFunctionScriptingTraits (0ms)
			SetupTypeCache (135ms)
			ReleaseScriptCaches (0ms)
			RebuildScriptCaches (28ms)
			SetupLoadedEditorAssemblies (146ms)
				LogAssemblyErrors (0ms)
				InitializePlatformSupportModulesInManaged (3ms)
				SetLoadedEditorAssemblies (0ms)
				RefreshPlugins (38ms)
				BeforeProcessingInitializeOnLoad (7ms)
				ProcessInitializeOnLoadAttributes (71ms)
				ProcessInitializeOnLoadMethodAttributes (25ms)
				AfterProcessingInitializeOnLoad (0ms)
				EditorAssembliesLoaded (0ms)
			ExecutionOrderSort2 (0ms)
			AwakeInstancesAfterBackupRestoration (0ms)
Platform modules already initialized, skipping
Registering precompiled user dll's ...
Registered in 0.004039 seconds.
Begin MonoManager ReloadAssembly
Native extension for WindowsStandalone target not found
Refreshing native plugins compatible for Editor in 41.52 ms, found 3 plugins.
Preloading 0 native plugins for Editor in 0.00 ms.
Mono: successfully reloaded assembly
- Completed reload, in  1.103 seconds
Domain Reload Profiling:
	ReloadAssembly (1103ms)
		BeginReloadAssembly (130ms)
			ExecutionOrderSort (0ms)
			DisableScriptedObjects (4ms)
			BackupInstance (0ms)
			ReleaseScriptingObjects (0ms)
			CreateAndSetChildDomain (17ms)
		EndReloadAssembly (918ms)
			LoadAssemblies (81ms)
			RebuildTransferFunctionScriptingTraits (0ms)
			SetupTypeCache (280ms)
			ReleaseScriptCaches (0ms)
			RebuildScriptCaches (47ms)
			SetupLoadedEditorAssemblies (386ms)
				LogAssemblyErrors (0ms)
				InitializePlatformSupportModulesInManaged (4ms)
				SetLoadedEditorAssemblies (0ms)
				RefreshPlugins (42ms)
				BeforeProcessingInitializeOnLoad (61ms)
				ProcessInitializeOnLoadAttributes (262ms)
				ProcessInitializeOnLoadMethodAttributes (12ms)
				AfterProcessingInitializeOnLoad (6ms)
				EditorAssembliesLoaded (0ms)
			ExecutionOrderSort2 (0ms)
			AwakeInstancesAfterBackupRestoration (6ms)
Platform modules already initialized, skipping
========================================================================
Worker process is ready to serve import requests
Launched and connected shader compiler UnityShaderCompiler.exe after 0.07 seconds
Refreshing native plugins compatible for Editor in 0.43 ms, found 3 plugins.
Preloading 0 native plugins for Editor in 0.00 ms.
Unloading 2290 Unused Serialized files (Serialized files now loaded: 0)
System memory in use before: 98.6 MB.
System memory in use after: 98.8 MB.

Unloading 28 unused Assets to reduce memory usage. Loaded Objects now: 2728.
Total: 3.102500 ms (FindLiveObjects: 0.208000 ms CreateObjectMapping: 0.097900 ms MarkObjects: 2.692400 ms  DeleteObjects: 0.103200 ms)

AssetImportParameters requested are different than current active one (requested -> active):
  custom:framework-win-MediaFoundation: 216162199b28c13a410421893ffa2e32 -> 
  custom:video-decoder-ogg-theora: a1e56fd34408186e4bbccfd4996cb3dc -> 
  custom:container-muxer-webm: aa71ff27fc2769a1b78a27578f13a17b -> 
  custom:container-demuxer-webm: 4f35f7cbe854078d1ac9338744f61a02 -> 
  custom:container-demuxer-ogg: 62fdf1f143b41e24485cea50d1cbac27 -> 
  custom:video-encoder-webm-vp8: eb34c28f22e8b96e1ab97ce403110664 -> 
  custom:video-decoder-webm-vp8: 9c59270c3fd7afecdb556c50c9e8de78 -> 
  custom:audio-decoder-ogg-vorbis: bf7c407c2cedff20999df2af8eb42d56 -> 
  custom:audio-encoder-webm-vorbis: bf7c407c2cedff20999df2af8eb42d56 -> 
========================================================================
Received Import Request.
  path: Assets/juego/mapas/mapa5.tmx
  artifactKey: Guid(1f382febfcb852844b3fa3e8fb88d99c) Importer(815301076,1909f56bfc062723c751e8b465ee728b)
Start importing Assets/juego/mapas/mapa5.tmx using Guid(1f382febfcb852844b3fa3e8fb88d99c) Importer(815301076,1909f56bfc062723c751e8b465ee728b)  -> (artifact id: '3c78cf2dacb98ca54757d01fa67426fc') in 0.176528 seconds 
  Import took 0.182989 seconds .

========================================================================
Received Import Request.
  Time since last request: 42.722013 seconds.
  path: Assets/juego/PREFAB/LR.prefab
  artifactKey: Guid(9da1ecdeb01b3a14ca2c9cd9d2b7ff34) Importer(815301076,1909f56bfc062723c751e8b465ee728b)
Start importing Assets/juego/PREFAB/LR.prefab using Guid(9da1ecdeb01b3a14ca2c9cd9d2b7ff34) Importer(815301076,1909f56bfc062723c751e8b465ee728b)  -> (artifact id: 'a35406e6842b988d192c06c68aa2277d') in 0.055313 seconds 
  Import took 0.063023 seconds .

========================================================================
Received Import Request.
  Time since last request: 9.823955 seconds.
  path: Assets/juego/PREFAB/LR.prefab
  artifactKey: Guid(9da1ecdeb01b3a14ca2c9cd9d2b7ff34) Importer(815301076,1909f56bfc062723c751e8b465ee728b)
Start importing Assets/juego/PREFAB/LR.prefab using Guid(9da1ecdeb01b3a14ca2c9cd9d2b7ff34) Importer(815301076,1909f56bfc062723c751e8b465ee728b)  -> (artifact id: 'af1632a71ce5689497f74fdf6664b5c1') in 0.043743 seconds 
  Import took 0.050633 seconds .

========================================================================
Received Import Request.
  Time since last request: 14.465048 seconds.
  path: Assets/juego/PREFAB/LR.prefab
  artifactKey: Guid(9da1ecdeb01b3a14ca2c9cd9d2b7ff34) Importer(815301076,1909f56bfc062723c751e8b465ee728b)
Start importing Assets/juego/PREFAB/LR.prefab using Guid(9da1ecdeb01b3a14ca2c9cd9d2b7ff34) Importer(815301076,1909f56bfc062723c751e8b465ee728b)  -> (artifact id: '64d6f98736cbc475a671183997bfc7ce') in 0.045730 seconds 
  Import took 0.052656 seconds .

========================================================================
Received Import Request.
  Time since last request: 6.005207 seconds.
  path: Assets/juego/PREFAB/LR.prefab
  artifactKey: Guid(9da1ecdeb01b3a14ca2c9cd9d2b7ff34) Importer(815301076,1909f56bfc062723c751e8b465ee728b)
Start importing Assets/juego/PREFAB/LR.prefab using Guid(9da1ecdeb01b3a14ca2c9cd9d2b7ff34) Importer(815301076,1909f56bfc062723c751e8b465ee728b)  -> (artifact id: '441be2ca6ecf23fb9b11bca046d8cf25') in 0.041031 seconds 
  Import took 0.047504 seconds .

========================================================================
Received Import Request.
  Time since last request: 8.619027 seconds.
  path: Assets/juego/PREFAB/LR.prefab
  artifactKey: Guid(9da1ecdeb01b3a14ca2c9cd9d2b7ff34) Importer(815301076,1909f56bfc062723c751e8b465ee728b)
Start importing Assets/juego/PREFAB/LR.prefab using Guid(9da1ecdeb01b3a14ca2c9cd9d2b7ff34) Importer(815301076,1909f56bfc062723c751e8b465ee728b)  -> (artifact id: '5e6525333b65fd1f69fcb9f8cfe5b0d1') in 0.039127 seconds 
  Import took 0.045881 seconds .

========================================================================
Received Import Request.
  Time since last request: 6.207472 seconds.
  path: Assets/juego/PREFAB/LR.prefab
  artifactKey: Guid(9da1ecdeb01b3a14ca2c9cd9d2b7ff34) Importer(815301076,1909f56bfc062723c751e8b465ee728b)
Start importing Assets/juego/PREFAB/LR.prefab using Guid(9da1ecdeb01b3a14ca2c9cd9d2b7ff34) Importer(815301076,1909f56bfc062723c751e8b465ee728b)  -> (artifact id: '265337d2c8f5215ae72946f749eddf70') in 0.040337 seconds 
  Import took 0.046934 seconds .

========================================================================
Received Import Request.
  Time since last request: 5.221239 seconds.
  path: Assets/juego/PREFAB/LR.prefab
  artifactKey: Guid(9da1ecdeb01b3a14ca2c9cd9d2b7ff34) Importer(815301076,1909f56bfc062723c751e8b465ee728b)
Start importing Assets/juego/PREFAB/LR.prefab using Guid(9da1ecdeb01b3a14ca2c9cd9d2b7ff34) Importer(815301076,1909f56bfc062723c751e8b465ee728b)  -> (artifact id: '1d9bcc51007c9d4c5c100a60213060cf') in 0.038998 seconds 
  Import took 0.045572 seconds .

========================================================================
Received Import Request.
  Time since last request: 3.196319 seconds.
  path: Assets/juego/PREFAB/LR.prefab
  artifactKey: Guid(9da1ecdeb01b3a14ca2c9cd9d2b7ff34) Importer(815301076,1909f56bfc062723c751e8b465ee728b)
Start importing Assets/juego/PREFAB/LR.prefab using Guid(9da1ecdeb01b3a14ca2c9cd9d2b7ff34) Importer(815301076,1909f56bfc062723c751e8b465ee728b)  -> (artifact id: 'a7bf674ec908f97855270a982cf61770') in 0.041388 seconds 
  Import took 0.048522 seconds .

========================================================================
Received Import Request.
  Time since last request: 13.482049 seconds.
  path: Assets/juego/PREFAB/TB.prefab
  artifactKey: Guid(2ec9e97d1737f7f40a4bdf8add1de4f7) Importer(815301076,1909f56bfc062723c751e8b465ee728b)
Start importing Assets/juego/PREFAB/TB.prefab using Guid(2ec9e97d1737f7f40a4bdf8add1de4f7) Importer(815301076,1909f56bfc062723c751e8b465ee728b)  -> (artifact id: '98d45b25097ac3f5a43ca8204aa89dfa') in 0.051950 seconds 
  Import took 0.059073 seconds .

========================================================================
Received Import Request.
  Time since last request: 184.482157 seconds.
  path: Assets/juego/mapas/mapa7.tmx
  artifactKey: Guid(a121a4541f24db44f925ac6c1cc7c26d) Importer(815301076,1909f56bfc062723c751e8b465ee728b)
Start importing Assets/juego/mapas/mapa7.tmx using Guid(a121a4541f24db44f925ac6c1cc7c26d) Importer(815301076,1909f56bfc062723c751e8b465ee728b)  -> (artifact id: 'd4120d8d7776d884df88a79cbd7d379e') in 0.065637 seconds 
  Import took 0.073032 seconds .

========================================================================
Received Import Request.
  Time since last request: 16.273475 seconds.
  path: Assets/juego/PREFAB/LB.prefab
  artifactKey: Guid(16b72ca5ea300214a9bbeeacaaa68656) Importer(815301076,1909f56bfc062723c751e8b465ee728b)
Start importing Assets/juego/PREFAB/LB.prefab using Guid(16b72ca5ea300214a9bbeeacaaa68656) Importer(815301076,1909f56bfc062723c751e8b465ee728b)  -> (artifact id: '680f26e069caa39e866b262c221d8884') in 0.049084 seconds 
  Import took 0.055707 seconds .

========================================================================
Received Import Request.
  Time since last request: 13.265681 seconds.
  path: Assets/juego/PREFAB/LB.prefab
  artifactKey: Guid(16b72ca5ea300214a9bbeeacaaa68656) Importer(815301076,1909f56bfc062723c751e8b465ee728b)
Start importing Assets/juego/PREFAB/LB.prefab using Guid(16b72ca5ea300214a9bbeeacaaa68656) Importer(815301076,1909f56bfc062723c751e8b465ee728b)  -> (artifact id: '954eee03e0c7cc5dfe196d4406568022') in 0.042260 seconds 
  Import took 0.049304 seconds .

========================================================================
Received Import Request.
  Time since last request: 11.291448 seconds.
  path: Assets/juego/PREFAB/LB.prefab
  artifactKey: Guid(16b72ca5ea300214a9bbeeacaaa68656) Importer(815301076,1909f56bfc062723c751e8b465ee728b)
Start importing Assets/juego/PREFAB/LB.prefab using Guid(16b72ca5ea300214a9bbeeacaaa68656) Importer(815301076,1909f56bfc062723c751e8b465ee728b)  -> (artifact id: 'a3ad66be6c912c60dfd37c2ec9ef3013') in 0.038831 seconds 
  Import took 0.045647 seconds .

========================================================================
Received Import Request.
  Time since last request: 8.008369 seconds.
  path: Assets/juego/PREFAB/LB.prefab
  artifactKey: Guid(16b72ca5ea300214a9bbeeacaaa68656) Importer(815301076,1909f56bfc062723c751e8b465ee728b)
Start importing Assets/juego/PREFAB/LB.prefab using Guid(16b72ca5ea300214a9bbeeacaaa68656) Importer(815301076,1909f56bfc062723c751e8b465ee728b)  -> (artifact id: '2def430cccfd5876f2dd455afb8b6215') in 0.039176 seconds 
  Import took 0.045628 seconds .

========================================================================
Received Import Request.
  Time since last request: 21.332401 seconds.
  path: Assets/juego/PREFAB/TR.prefab
  artifactKey: Guid(be9e38f9dc83f5c4cbdf236ca19853ab) Importer(815301076,1909f56bfc062723c751e8b465ee728b)
Start importing Assets/juego/PREFAB/TR.prefab using Guid(be9e38f9dc83f5c4cbdf236ca19853ab) Importer(815301076,1909f56bfc062723c751e8b465ee728b)  -> (artifact id: 'ec19da8cc65ec89f4af3caae8eb01cad') in 0.040409 seconds 
  Import took 0.047126 seconds .

========================================================================
Received Import Request.
  Time since last request: 70.020852 seconds.
  path: Assets/juego/PREFAB/TR.prefab
  artifactKey: Guid(be9e38f9dc83f5c4cbdf236ca19853ab) Importer(815301076,1909f56bfc062723c751e8b465ee728b)
Start importing Assets/juego/PREFAB/TR.prefab using Guid(be9e38f9dc83f5c4cbdf236ca19853ab) Importer(815301076,1909f56bfc062723c751e8b465ee728b)  -> (artifact id: '113059150118313e9cd318059cf14cdd') in 0.051406 seconds 
  Import took 0.057823 seconds .

========================================================================
Received Import Request.
  Time since last request: 6.007416 seconds.
  path: Assets/juego/PREFAB/TR.prefab
  artifactKey: Guid(be9e38f9dc83f5c4cbdf236ca19853ab) Importer(815301076,1909f56bfc062723c751e8b465ee728b)
Start importing Assets/juego/PREFAB/TR.prefab using Guid(be9e38f9dc83f5c4cbdf236ca19853ab) Importer(815301076,1909f56bfc062723c751e8b465ee728b)  -> (artifact id: '74a829d248b293c7cc86602450d68b35') in 0.037385 seconds 
  Import took 0.044042 seconds .

========================================================================
Received Import Request.
  Time since last request: 1.980380 seconds.
  path: Assets/juego/PREFAB/TR.prefab
  artifactKey: Guid(be9e38f9dc83f5c4cbdf236ca19853ab) Importer(815301076,1909f56bfc062723c751e8b465ee728b)
Start importing Assets/juego/PREFAB/TR.prefab using Guid(be9e38f9dc83f5c4cbdf236ca19853ab) Importer(815301076,1909f56bfc062723c751e8b465ee728b)  -> (artifact id: '9a6967e178e8679b6f404fac3ee1401b') in 0.039328 seconds 
  Import took 0.046217 seconds .

========================================================================
Received Import Request.
  Time since last request: 15.907958 seconds.
  path: Assets/juego/PREFAB/RB.prefab
  artifactKey: Guid(1bedb169e9718a744b13ea1acaf8e88a) Importer(815301076,1909f56bfc062723c751e8b465ee728b)
Start importing Assets/juego/PREFAB/RB.prefab using Guid(1bedb169e9718a744b13ea1acaf8e88a) Importer(815301076,1909f56bfc062723c751e8b465ee728b)  -> (artifact id: 'c43f979e4ff6846924ab859b28dbdb1a') in 0.040752 seconds 
  Import took 0.047507 seconds .

========================================================================
Received Import Request.
  Time since last request: 19.345714 seconds.
  path: Assets/juego/PREFAB/RB.prefab
  artifactKey: Guid(1bedb169e9718a744b13ea1acaf8e88a) Importer(815301076,1909f56bfc062723c751e8b465ee728b)
Start importing Assets/juego/PREFAB/RB.prefab using Guid(1bedb169e9718a744b13ea1acaf8e88a) Importer(815301076,1909f56bfc062723c751e8b465ee728b)  -> (artifact id: '1fa931e099af37f3ea92c39c65796b23') in 0.043541 seconds 
  Import took 0.050217 seconds .

========================================================================
Received Import Request.
  Time since last request: 4.770282 seconds.
  path: Assets/juego/PREFAB/RB.prefab
  artifactKey: Guid(1bedb169e9718a744b13ea1acaf8e88a) Importer(815301076,1909f56bfc062723c751e8b465ee728b)
Start importing Assets/juego/PREFAB/RB.prefab using Guid(1bedb169e9718a744b13ea1acaf8e88a) Importer(815301076,1909f56bfc062723c751e8b465ee728b)  -> (artifact id: 'e4cd14df45b1e4e54729e318c0479af3') in 0.035812 seconds 
  Import took 0.042230 seconds .

========================================================================
Received Import Request.
  Time since last request: 6.249885 seconds.
  path: Assets/juego/PREFAB/RB.prefab
  artifactKey: Guid(1bedb169e9718a744b13ea1acaf8e88a) Importer(815301076,1909f56bfc062723c751e8b465ee728b)
Start importing Assets/juego/PREFAB/RB.prefab using Guid(1bedb169e9718a744b13ea1acaf8e88a) Importer(815301076,1909f56bfc062723c751e8b465ee728b)  -> (artifact id: '491761d95d175b6e2fdafce3fb4a7d7e') in 0.039468 seconds 
  Import took 0.046022 seconds .

========================================================================
Received Import Request.
  Time since last request: 3.177908 seconds.
  path: Assets/juego/PREFAB/RB.prefab
  artifactKey: Guid(1bedb169e9718a744b13ea1acaf8e88a) Importer(815301076,1909f56bfc062723c751e8b465ee728b)
Start importing Assets/juego/PREFAB/RB.prefab using Guid(1bedb169e9718a744b13ea1acaf8e88a) Importer(815301076,1909f56bfc062723c751e8b465ee728b)  -> (artifact id: 'f3e30c3575387cd5b748315edc77ea16') in 0.040799 seconds 
  Import took 0.047212 seconds .

========================================================================
Received Import Request.
  Time since last request: 2.778753 seconds.
  path: Assets/juego/PREFAB/RB.prefab
  artifactKey: Guid(1bedb169e9718a744b13ea1acaf8e88a) Importer(815301076,1909f56bfc062723c751e8b465ee728b)
Start importing Assets/juego/PREFAB/RB.prefab using Guid(1bedb169e9718a744b13ea1acaf8e88a) Importer(815301076,1909f56bfc062723c751e8b465ee728b)  -> (artifact id: '230b422c4e68663059077f9999350322') in 0.053050 seconds 
  Import took 0.059471 seconds .

========================================================================
Received Import Request.
  Time since last request: 13.436306 seconds.
  path: Assets/juego/PREFAB/TL.prefab
  artifactKey: Guid(73647a9a59d1b49438ad0450d751603b) Importer(815301076,1909f56bfc062723c751e8b465ee728b)
Start importing Assets/juego/PREFAB/TL.prefab using Guid(73647a9a59d1b49438ad0450d751603b) Importer(815301076,1909f56bfc062723c751e8b465ee728b)  -> (artifact id: '697f59b97b036f0395fff5f7be01287f') in 0.050740 seconds 
  Import took 0.057616 seconds .

========================================================================
Received Import Request.
  Time since last request: 214.802805 seconds.
  path: Assets/juego/mapas/mapa12.tmx
  artifactKey: Guid(a3b4eed7ce5a0104a8bb28d8f4adb8c9) Importer(815301076,1909f56bfc062723c751e8b465ee728b)
Start importing Assets/juego/mapas/mapa12.tmx using Guid(a3b4eed7ce5a0104a8bb28d8f4adb8c9) Importer(815301076,1909f56bfc062723c751e8b465ee728b)  -> (artifact id: '1ab533da7a5c6eb99bd980538dee6199') in 0.066423 seconds 
  Import took 0.073462 seconds .

========================================================================
Received Import Request.
  Time since last request: 62.575112 seconds.
  path: Assets/juego/PREFAB/TLR.prefab
  artifactKey: Guid(da2fd3927a5f22c4f8b22a9f9b4f8bff) Importer(815301076,1909f56bfc062723c751e8b465ee728b)
Start importing Assets/juego/PREFAB/TLR.prefab using Guid(da2fd3927a5f22c4f8b22a9f9b4f8bff) Importer(815301076,1909f56bfc062723c751e8b465ee728b)  -> (artifact id: '84d57a5a03b6ab92cb13c966f0c0736b') in 0.050105 seconds 
  Import took 0.056814 seconds .

========================================================================
Received Import Request.
  Time since last request: 8.002528 seconds.
  path: Assets/juego/PREFAB/TRB.prefab
  artifactKey: Guid(cfc29f8dfb2c7914b9bd65f943593a62) Importer(815301076,1909f56bfc062723c751e8b465ee728b)
Start importing Assets/juego/PREFAB/TRB.prefab using Guid(cfc29f8dfb2c7914b9bd65f943593a62) Importer(815301076,1909f56bfc062723c751e8b465ee728b)  -> (artifact id: '492885fe2419c87ffd80f8cfd829873c') in 0.066101 seconds 
  Import took 0.075193 seconds .

========================================================================
Received Import Request.
  Time since last request: 16.098013 seconds.
  path: Assets/juego/PREFAB/TRB.prefab
  artifactKey: Guid(cfc29f8dfb2c7914b9bd65f943593a62) Importer(815301076,1909f56bfc062723c751e8b465ee728b)
Start importing Assets/juego/PREFAB/TRB.prefab using Guid(cfc29f8dfb2c7914b9bd65f943593a62) Importer(815301076,1909f56bfc062723c751e8b465ee728b)  -> (artifact id: 'b2efbe14a2d7cbca0a318c3bed1642d6') in 0.045544 seconds 
  Import took 0.052427 seconds .

========================================================================
Received Import Request.
  Time since last request: 11.048852 seconds.
  path: Assets/juego/PREFAB/TRB.prefab
  artifactKey: Guid(cfc29f8dfb2c7914b9bd65f943593a62) Importer(815301076,1909f56bfc062723c751e8b465ee728b)
Start importing Assets/juego/PREFAB/TRB.prefab using Guid(cfc29f8dfb2c7914b9bd65f943593a62) Importer(815301076,1909f56bfc062723c751e8b465ee728b)  -> (artifact id: '4f9c3c55e3228c48f436ba004a9b99df') in 0.052187 seconds 
  Import took 0.058368 seconds .

========================================================================
Received Import Request.
  Time since last request: 17.682367 seconds.
  path: Assets/juego/PREFAB/LTB.prefab
  artifactKey: Guid(c20ea630638b8c247afc1f3be17ed177) Importer(815301076,1909f56bfc062723c751e8b465ee728b)
Start importing Assets/juego/PREFAB/LTB.prefab using Guid(c20ea630638b8c247afc1f3be17ed177) Importer(815301076,1909f56bfc062723c751e8b465ee728b)  -> (artifact id: '98edd8d0be55f6f017542853386838e7') in 0.050086 seconds 
  Import took 0.056557 seconds .

========================================================================
Received Import Request.
  Time since last request: 5.000689 seconds.
  path: Assets/juego/PREFAB/LTB.prefab
  artifactKey: Guid(c20ea630638b8c247afc1f3be17ed177) Importer(815301076,1909f56bfc062723c751e8b465ee728b)
Start importing Assets/juego/PREFAB/LTB.prefab using Guid(c20ea630638b8c247afc1f3be17ed177) Importer(815301076,1909f56bfc062723c751e8b465ee728b)  -> (artifact id: '159414db909189b3883ef14a87ace8cb') in 0.062023 seconds 
  Import took 0.073632 seconds .

========================================================================
Received Import Request.
  Time since last request: 11.439500 seconds.
  path: Assets/juego/PREFAB/LTB.prefab
  artifactKey: Guid(c20ea630638b8c247afc1f3be17ed177) Importer(815301076,1909f56bfc062723c751e8b465ee728b)
Start importing Assets/juego/PREFAB/LTB.prefab using Guid(c20ea630638b8c247afc1f3be17ed177) Importer(815301076,1909f56bfc062723c751e8b465ee728b)  -> (artifact id: 'fe3a4b9f50d8eefa13f1658e9b20b7d8') in 0.046360 seconds 
  Import took 0.052671 seconds .

========================================================================
Received Import Request.
  Time since last request: 11.045861 seconds.
  path: Assets/juego/PREFAB/LTB.prefab
  artifactKey: Guid(c20ea630638b8c247afc1f3be17ed177) Importer(815301076,1909f56bfc062723c751e8b465ee728b)
Start importing Assets/juego/PREFAB/LTB.prefab using Guid(c20ea630638b8c247afc1f3be17ed177) Importer(815301076,1909f56bfc062723c751e8b465ee728b)  -> (artifact id: '9dd22148c389957df5f39d9386682691') in 0.068912 seconds 
  Import took 0.080705 seconds .

========================================================================
Received Import Request.
  Time since last request: 12.068204 seconds.
  path: Assets/juego/PREFAB/BLR.prefab
  artifactKey: Guid(c84992214ba8cbd4babdac2ebf01997e) Importer(815301076,1909f56bfc062723c751e8b465ee728b)
Start importing Assets/juego/PREFAB/BLR.prefab using Guid(c84992214ba8cbd4babdac2ebf01997e) Importer(815301076,1909f56bfc062723c751e8b465ee728b)  -> (artifact id: 'd49ccbf849eb77a5a1954980094d7f61') in 0.042285 seconds 
  Import took 0.049400 seconds .

========================================================================
Received Import Request.
  Time since last request: 7.406292 seconds.
  path: Assets/juego/PREFAB/BLR.prefab
  artifactKey: Guid(c84992214ba8cbd4babdac2ebf01997e) Importer(815301076,1909f56bfc062723c751e8b465ee728b)
Start importing Assets/juego/PREFAB/BLR.prefab using Guid(c84992214ba8cbd4babdac2ebf01997e) Importer(815301076,1909f56bfc062723c751e8b465ee728b)  -> (artifact id: '3df2d7c4c61620d69ba1f47137504242') in 0.061070 seconds 
  Import took 0.071656 seconds .

========================================================================
Received Import Request.
  Time since last request: 18.887696 seconds.
  path: Assets/juego/PREFAB/BLR.prefab
  artifactKey: Guid(c84992214ba8cbd4babdac2ebf01997e) Importer(815301076,1909f56bfc062723c751e8b465ee728b)
Start importing Assets/juego/PREFAB/BLR.prefab using Guid(c84992214ba8cbd4babdac2ebf01997e) Importer(815301076,1909f56bfc062723c751e8b465ee728b)  -> (artifact id: 'd6522ba6554a329beb9a0f824b04ae0a') in 0.038386 seconds 
  Import took 0.045057 seconds .

========================================================================
Received Import Request.
  Time since last request: 4.388114 seconds.
  path: Assets/juego/PREFAB/BLR.prefab
  artifactKey: Guid(c84992214ba8cbd4babdac2ebf01997e) Importer(815301076,1909f56bfc062723c751e8b465ee728b)
Start importing Assets/juego/PREFAB/BLR.prefab using Guid(c84992214ba8cbd4babdac2ebf01997e) Importer(815301076,1909f56bfc062723c751e8b465ee728b)  -> (artifact id: 'f3358fc77d44d4a6d62bbfa0b9cb7edc') in 0.038810 seconds 
  Import took 0.045234 seconds .

========================================================================
Received Import Request.
  Time since last request: 7.827460 seconds.
  path: Assets/juego/PREFAB/BLR.prefab
  artifactKey: Guid(c84992214ba8cbd4babdac2ebf01997e) Importer(815301076,1909f56bfc062723c751e8b465ee728b)
Start importing Assets/juego/PREFAB/BLR.prefab using Guid(c84992214ba8cbd4babdac2ebf01997e) Importer(815301076,1909f56bfc062723c751e8b465ee728b)  -> (artifact id: 'abe9ea88aeb30fe6e5f60c3c07510893') in 0.038543 seconds 
  Import took 0.045044 seconds .

========================================================================
Received Import Request.
  Time since last request: 95.848632 seconds.
  path: Assets/juego/mapas/mapa15.tmx
  artifactKey: Guid(4cc3ded3ae0c69246ab6d0903a36a722) Importer(815301076,1909f56bfc062723c751e8b465ee728b)
Start importing Assets/juego/mapas/mapa15.tmx using Guid(4cc3ded3ae0c69246ab6d0903a36a722) Importer(815301076,1909f56bfc062723c751e8b465ee728b)  -> (artifact id: '35176556e8249b787eb9573e1eeb7166') in 0.067017 seconds 
  Import took 0.074049 seconds .

========================================================================
Received Import Request.
  Time since last request: 30.470025 seconds.
  path: Assets/juego/PREFAB/mapa15 1.prefab
  artifactKey: Guid(a1500407cd6a33d42896fe6b39ffbb75) Importer(815301076,1909f56bfc062723c751e8b465ee728b)
Start importing Assets/juego/PREFAB/mapa15 1.prefab using Guid(a1500407cd6a33d42896fe6b39ffbb75) Importer(815301076,1909f56bfc062723c751e8b465ee728b)  -> (artifact id: '9debf471e51cd4a86a490968dbf2c977') in 0.040365 seconds 
  Import took 0.046843 seconds .

========================================================================
Received Import Request.
  Time since last request: 2.240447 seconds.
  path: Assets/juego/PREFAB/mapa15 1.prefab
  artifactKey: Guid(a1500407cd6a33d42896fe6b39ffbb75) Importer(815301076,1909f56bfc062723c751e8b465ee728b)
Start importing Assets/juego/PREFAB/mapa15 1.prefab using Guid(a1500407cd6a33d42896fe6b39ffbb75) Importer(815301076,1909f56bfc062723c751e8b465ee728b)  -> (artifact id: 'b2661bcc72557458835ae1b12c54f49f') in 0.039557 seconds 
  Import took 0.046064 seconds .

========================================================================
Received Prepare
Registering precompiled user dll's ...
Registered in 0.003878 seconds.
Begin MonoManager ReloadAssembly
Native extension for WindowsStandalone target not found
Refreshing native plugins compatible for Editor in 1.01 ms, found 3 plugins.
Preloading 0 native plugins for Editor in 0.00 ms.
Mono: successfully reloaded assembly
- Completed reload, in  0.970 seconds
Domain Reload Profiling:
	ReloadAssembly (970ms)
		BeginReloadAssembly (110ms)
			ExecutionOrderSort (0ms)
			DisableScriptedObjects (5ms)
			BackupInstance (0ms)
			ReleaseScriptingObjects (0ms)
			CreateAndSetChildDomain (34ms)
		EndReloadAssembly (803ms)
			LoadAssemblies (79ms)
			RebuildTransferFunctionScriptingTraits (0ms)
			SetupTypeCache (256ms)
			ReleaseScriptCaches (1ms)
			RebuildScriptCaches (39ms)
			SetupLoadedEditorAssemblies (335ms)
				LogAssemblyErrors (0ms)
				InitializePlatformSupportModulesInManaged (11ms)
				SetLoadedEditorAssemblies (1ms)
				RefreshPlugins (1ms)
				BeforeProcessingInitializeOnLoad (65ms)
				ProcessInitializeOnLoadAttributes (246ms)
				ProcessInitializeOnLoadMethodAttributes (5ms)
				AfterProcessingInitializeOnLoad (6ms)
				EditorAssembliesLoaded (0ms)
			ExecutionOrderSort2 (0ms)
			AwakeInstancesAfterBackupRestoration (10ms)
Platform modules already initialized, skipping
Refreshing native plugins compatible for Editor in 0.48 ms, found 3 plugins.
Preloading 0 native plugins for Editor in 0.00 ms.
Unloading 2280 Unused Serialized files (Serialized files now loaded: 0)
System memory in use before: 103.2 MB.
System memory in use after: 103.4 MB.

Unloading 16 unused Assets to reduce memory usage. Loaded Objects now: 2738.
Total: 2.755300 ms (FindLiveObjects: 0.199600 ms CreateObjectMapping: 0.086400 ms MarkObjects: 2.428300 ms  DeleteObjects: 0.040100 ms)

AssetImportParameters requested are different than current active one (requested -> active):
  custom:framework-win-MediaFoundation: 216162199b28c13a410421893ffa2e32 -> 
  custom:video-decoder-ogg-theora: a1e56fd34408186e4bbccfd4996cb3dc -> 
  custom:container-muxer-webm: aa71ff27fc2769a1b78a27578f13a17b -> 
  custom:container-demuxer-webm: 4f35f7cbe854078d1ac9338744f61a02 -> 
  custom:container-demuxer-ogg: 62fdf1f143b41e24485cea50d1cbac27 -> 
  custom:video-encoder-webm-vp8: eb34c28f22e8b96e1ab97ce403110664 -> 
  custom:video-decoder-webm-vp8: 9c59270c3fd7afecdb556c50c9e8de78 -> 
  custom:audio-decoder-ogg-vorbis: bf7c407c2cedff20999df2af8eb42d56 -> 
  custom:audio-encoder-webm-vorbis: bf7c407c2cedff20999df2af8eb42d56 -> 
========================================================================
Received Prepare
Registering precompiled user dll's ...
Registered in 0.003794 seconds.
Begin MonoManager ReloadAssembly
Native extension for WindowsStandalone target not found
Refreshing native plugins compatible for Editor in 0.44 ms, found 3 plugins.
Preloading 0 native plugins for Editor in 0.00 ms.
Mono: successfully reloaded assembly
- Completed reload, in  0.952 seconds
Domain Reload Profiling:
	ReloadAssembly (953ms)
		BeginReloadAssembly (103ms)
			ExecutionOrderSort (0ms)
			DisableScriptedObjects (5ms)
			BackupInstance (0ms)
			ReleaseScriptingObjects (0ms)
			CreateAndSetChildDomain (30ms)
		EndReloadAssembly (794ms)
			LoadAssemblies (78ms)
			RebuildTransferFunctionScriptingTraits (0ms)
			SetupTypeCache (251ms)
			ReleaseScriptCaches (1ms)
			RebuildScriptCaches (38ms)
			SetupLoadedEditorAssemblies (333ms)
				LogAssemblyErrors (0ms)
				InitializePlatformSupportModulesInManaged (4ms)
				SetLoadedEditorAssemblies (0ms)
				RefreshPlugins (0ms)
				BeforeProcessingInitializeOnLoad (73ms)
				ProcessInitializeOnLoadAttributes (244ms)
				ProcessInitializeOnLoadMethodAttributes (5ms)
				AfterProcessingInitializeOnLoad (6ms)
				EditorAssembliesLoaded (0ms)
			ExecutionOrderSort2 (0ms)
			AwakeInstancesAfterBackupRestoration (9ms)
Platform modules already initialized, skipping
Refreshing native plugins compatible for Editor in 0.46 ms, found 3 plugins.
Preloading 0 native plugins for Editor in 0.00 ms.
Unloading 2280 Unused Serialized files (Serialized files now loaded: 0)
System memory in use before: 103.2 MB.
System memory in use after: 103.4 MB.

Unloading 16 unused Assets to reduce memory usage. Loaded Objects now: 2741.
Total: 2.795100 ms (FindLiveObjects: 0.205800 ms CreateObjectMapping: 0.094900 ms MarkObjects: 2.453500 ms  DeleteObjects: 0.039900 ms)

AssetImportParameters requested are different than current active one (requested -> active):
  custom:framework-win-MediaFoundation: 216162199b28c13a410421893ffa2e32 -> 
  custom:video-decoder-ogg-theora: a1e56fd34408186e4bbccfd4996cb3dc -> 
  custom:container-muxer-webm: aa71ff27fc2769a1b78a27578f13a17b -> 
  custom:container-demuxer-webm: 4f35f7cbe854078d1ac9338744f61a02 -> 
  custom:container-demuxer-ogg: 62fdf1f143b41e24485cea50d1cbac27 -> 
  custom:video-encoder-webm-vp8: eb34c28f22e8b96e1ab97ce403110664 -> 
  custom:video-decoder-webm-vp8: 9c59270c3fd7afecdb556c50c9e8de78 -> 
  custom:audio-decoder-ogg-vorbis: bf7c407c2cedff20999df2af8eb42d56 -> 
  custom:audio-encoder-webm-vorbis: bf7c407c2cedff20999df2af8eb42d56 -> 
========================================================================
Received Prepare
Registering precompiled user dll's ...
Registered in 0.003841 seconds.
Begin MonoManager ReloadAssembly
Native extension for WindowsStandalone target not found
Refreshing native plugins compatible for Editor in 0.45 ms, found 3 plugins.
Preloading 0 native plugins for Editor in 0.00 ms.
Mono: successfully reloaded assembly
- Completed reload, in  0.951 seconds
Domain Reload Profiling:
	ReloadAssembly (952ms)
		BeginReloadAssembly (101ms)
			ExecutionOrderSort (0ms)
			DisableScriptedObjects (5ms)
			BackupInstance (0ms)
			ReleaseScriptingObjects (0ms)
			CreateAndSetChildDomain (30ms)
		EndReloadAssembly (795ms)
			LoadAssemblies (79ms)
			RebuildTransferFunctionScriptingTraits (0ms)
			SetupTypeCache (249ms)
			ReleaseScriptCaches (1ms)
			RebuildScriptCaches (39ms)
			SetupLoadedEditorAssemblies (330ms)
				LogAssemblyErrors (0ms)
				InitializePlatformSupportModulesInManaged (4ms)
				SetLoadedEditorAssemblies (0ms)
				RefreshPlugins (1ms)
				BeforeProcessingInitializeOnLoad (70ms)
				ProcessInitializeOnLoadAttributes (243ms)
				ProcessInitializeOnLoadMethodAttributes (5ms)
				AfterProcessingInitializeOnLoad (6ms)
				EditorAssembliesLoaded (0ms)
			ExecutionOrderSort2 (0ms)
			AwakeInstancesAfterBackupRestoration (9ms)
Platform modules already initialized, skipping
Refreshing native plugins compatible for Editor in 0.48 ms, found 3 plugins.
Preloading 0 native plugins for Editor in 0.00 ms.
Unloading 2280 Unused Serialized files (Serialized files now loaded: 0)
System memory in use before: 103.2 MB.
System memory in use after: 103.5 MB.

Unloading 16 unused Assets to reduce memory usage. Loaded Objects now: 2744.
Total: 2.894000 ms (FindLiveObjects: 0.259300 ms CreateObjectMapping: 0.107100 ms MarkObjects: 2.495600 ms  DeleteObjects: 0.031000 ms)

AssetImportParameters requested are different than current active one (requested -> active):
  custom:framework-win-MediaFoundation: 216162199b28c13a410421893ffa2e32 -> 
  custom:video-decoder-ogg-theora: a1e56fd34408186e4bbccfd4996cb3dc -> 
  custom:container-muxer-webm: aa71ff27fc2769a1b78a27578f13a17b -> 
  custom:container-demuxer-webm: 4f35f7cbe854078d1ac9338744f61a02 -> 
  custom:container-demuxer-ogg: 62fdf1f143b41e24485cea50d1cbac27 -> 
  custom:video-encoder-webm-vp8: eb34c28f22e8b96e1ab97ce403110664 -> 
  custom:video-decoder-webm-vp8: 9c59270c3fd7afecdb556c50c9e8de78 -> 
  custom:audio-decoder-ogg-vorbis: bf7c407c2cedff20999df2af8eb42d56 -> 
  custom:audio-encoder-webm-vorbis: bf7c407c2cedff20999df2af8eb42d56 -> 
========================================================================
Received Prepare
Registering precompiled user dll's ...
Registered in 0.003805 seconds.
Begin MonoManager ReloadAssembly
Native extension for WindowsStandalone target not found
Refreshing native plugins compatible for Editor in 0.52 ms, found 3 plugins.
Preloading 0 native plugins for Editor in 0.00 ms.
Mono: successfully reloaded assembly
- Completed reload, in  0.956 seconds
Domain Reload Profiling:
	ReloadAssembly (956ms)
		BeginReloadAssembly (98ms)
			ExecutionOrderSort (0ms)
			DisableScriptedObjects (6ms)
			BackupInstance (0ms)
			ReleaseScriptingObjects (0ms)
			CreateAndSetChildDomain (29ms)
		EndReloadAssembly (803ms)
			LoadAssemblies (77ms)
			RebuildTransferFunctionScriptingTraits (0ms)
			SetupTypeCache (258ms)
			ReleaseScriptCaches (1ms)
			RebuildScriptCaches (40ms)
			SetupLoadedEditorAssemblies (333ms)
				LogAssemblyErrors (0ms)
				InitializePlatformSupportModulesInManaged (4ms)
				SetLoadedEditorAssemblies (0ms)
				RefreshPlugins (1ms)
				BeforeProcessingInitializeOnLoad (70ms)
				ProcessInitializeOnLoadAttributes (246ms)
				ProcessInitializeOnLoadMethodAttributes (5ms)
				AfterProcessingInitializeOnLoad (6ms)
				EditorAssembliesLoaded (0ms)
			ExecutionOrderSort2 (0ms)
			AwakeInstancesAfterBackupRestoration (9ms)
Platform modules already initialized, skipping
Refreshing native plugins compatible for Editor in 0.48 ms, found 3 plugins.
Preloading 0 native plugins for Editor in 0.00 ms.
Unloading 2280 Unused Serialized files (Serialized files now loaded: 0)
System memory in use before: 103.3 MB.
System memory in use after: 103.5 MB.

Unloading 16 unused Assets to reduce memory usage. Loaded Objects now: 2747.
Total: 3.026600 ms (FindLiveObjects: 0.216700 ms CreateObjectMapping: 0.107300 ms MarkObjects: 2.668800 ms  DeleteObjects: 0.032600 ms)

AssetImportParameters requested are different than current active one (requested -> active):
  custom:framework-win-MediaFoundation: 216162199b28c13a410421893ffa2e32 -> 
  custom:video-decoder-ogg-theora: a1e56fd34408186e4bbccfd4996cb3dc -> 
  custom:container-muxer-webm: aa71ff27fc2769a1b78a27578f13a17b -> 
  custom:container-demuxer-webm: 4f35f7cbe854078d1ac9338744f61a02 -> 
  custom:container-demuxer-ogg: 62fdf1f143b41e24485cea50d1cbac27 -> 
  custom:video-encoder-webm-vp8: eb34c28f22e8b96e1ab97ce403110664 -> 
  custom:video-decoder-webm-vp8: 9c59270c3fd7afecdb556c50c9e8de78 -> 
  custom:audio-decoder-ogg-vorbis: bf7c407c2cedff20999df2af8eb42d56 -> 
  custom:audio-encoder-webm-vorbis: bf7c407c2cedff20999df2af8eb42d56 -> 
========================================================================
Received Prepare
Registering precompiled user dll's ...
Registered in 0.003829 seconds.
Begin MonoManager ReloadAssembly
Native extension for WindowsStandalone target not found
Refreshing native plugins compatible for Editor in 0.44 ms, found 3 plugins.
Preloading 0 native plugins for Editor in 0.00 ms.
Mono: successfully reloaded assembly
- Completed reload, in  0.944 seconds
Domain Reload Profiling:
	ReloadAssembly (944ms)
		BeginReloadAssembly (95ms)
			ExecutionOrderSort (0ms)
			DisableScriptedObjects (6ms)
			BackupInstance (0ms)
			ReleaseScriptingObjects (0ms)
			CreateAndSetChildDomain (28ms)
		EndReloadAssembly (794ms)
			LoadAssemblies (77ms)
			RebuildTransferFunctionScriptingTraits (0ms)
			SetupTypeCache (248ms)
			ReleaseScriptCaches (1ms)
			RebuildScriptCaches (39ms)
			SetupLoadedEditorAssemblies (334ms)
				LogAssemblyErrors (0ms)
				InitializePlatformSupportModulesInManaged (4ms)
				SetLoadedEditorAssemblies (0ms)
				RefreshPlugins (0ms)
				BeforeProcessingInitializeOnLoad (68ms)
				ProcessInitializeOnLoadAttributes (250ms)
				ProcessInitializeOnLoadMethodAttributes (5ms)
				AfterProcessingInitializeOnLoad (6ms)
				EditorAssembliesLoaded (0ms)
			ExecutionOrderSort2 (0ms)
			AwakeInstancesAfterBackupRestoration (9ms)
Platform modules already initialized, skipping
Refreshing native plugins compatible for Editor in 0.50 ms, found 3 plugins.
Preloading 0 native plugins for Editor in 0.00 ms.
Unloading 2280 Unused Serialized files (Serialized files now loaded: 0)
System memory in use before: 103.2 MB.
System memory in use after: 103.4 MB.

Unloading 16 unused Assets to reduce memory usage. Loaded Objects now: 2750.
Total: 3.032600 ms (FindLiveObjects: 0.212400 ms CreateObjectMapping: 0.097200 ms MarkObjects: 2.689600 ms  DeleteObjects: 0.032400 ms)

AssetImportParameters requested are different than current active one (requested -> active):
  custom:framework-win-MediaFoundation: 216162199b28c13a410421893ffa2e32 -> 
  custom:video-decoder-ogg-theora: a1e56fd34408186e4bbccfd4996cb3dc -> 
  custom:container-muxer-webm: aa71ff27fc2769a1b78a27578f13a17b -> 
  custom:container-demuxer-webm: 4f35f7cbe854078d1ac9338744f61a02 -> 
  custom:container-demuxer-ogg: 62fdf1f143b41e24485cea50d1cbac27 -> 
  custom:video-encoder-webm-vp8: eb34c28f22e8b96e1ab97ce403110664 -> 
  custom:video-decoder-webm-vp8: 9c59270c3fd7afecdb556c50c9e8de78 -> 
  custom:audio-decoder-ogg-vorbis: bf7c407c2cedff20999df2af8eb42d56 -> 
  custom:audio-encoder-webm-vorbis: bf7c407c2cedff20999df2af8eb42d56 -> 
========================================================================
Received Prepare
Registering precompiled user dll's ...
Registered in 0.003808 seconds.
Begin MonoManager ReloadAssembly
Native extension for WindowsStandalone target not found
Refreshing native plugins compatible for Editor in 0.44 ms, found 3 plugins.
Preloading 0 native plugins for Editor in 0.00 ms.
Mono: successfully reloaded assembly
- Completed reload, in  0.941 seconds
Domain Reload Profiling:
	ReloadAssembly (942ms)
		BeginReloadAssembly (120ms)
			ExecutionOrderSort (0ms)
			DisableScriptedObjects (11ms)
			BackupInstance (0ms)
			ReleaseScriptingObjects (0ms)
			CreateAndSetChildDomain (35ms)
		EndReloadAssembly (767ms)
			LoadAssemblies (83ms)
			RebuildTransferFunctionScriptingTraits (0ms)
			SetupTypeCache (243ms)
			ReleaseScriptCaches (1ms)
			RebuildScriptCaches (38ms)
			SetupLoadedEditorAssemblies (312ms)
				LogAssemblyErrors (0ms)
				InitializePlatformSupportModulesInManaged (4ms)
				SetLoadedEditorAssemblies (0ms)
				RefreshPlugins (0ms)
				BeforeProcessingInitializeOnLoad (52ms)
				ProcessInitializeOnLoadAttributes (244ms)
				ProcessInitializeOnLoadMethodAttributes (5ms)
				AfterProcessingInitializeOnLoad (6ms)
				EditorAssembliesLoaded (0ms)
			ExecutionOrderSort2 (0ms)
			AwakeInstancesAfterBackupRestoration (9ms)
Platform modules already initialized, skipping
Refreshing native plugins compatible for Editor in 0.44 ms, found 3 plugins.
Preloading 0 native plugins for Editor in 0.00 ms.
Unloading 2280 Unused Serialized files (Serialized files now loaded: 0)
System memory in use before: 103.3 MB.
System memory in use after: 103.5 MB.

Unloading 16 unused Assets to reduce memory usage. Loaded Objects now: 2753.
Total: 2.934000 ms (FindLiveObjects: 0.194900 ms CreateObjectMapping: 0.088600 ms MarkObjects: 2.605600 ms  DeleteObjects: 0.044100 ms)

AssetImportParameters requested are different than current active one (requested -> active):
  custom:framework-win-MediaFoundation: 216162199b28c13a410421893ffa2e32 -> 
  custom:video-decoder-ogg-theora: a1e56fd34408186e4bbccfd4996cb3dc -> 
  custom:container-muxer-webm: aa71ff27fc2769a1b78a27578f13a17b -> 
  custom:container-demuxer-webm: 4f35f7cbe854078d1ac9338744f61a02 -> 
  custom:container-demuxer-ogg: 62fdf1f143b41e24485cea50d1cbac27 -> 
  custom:video-encoder-webm-vp8: eb34c28f22e8b96e1ab97ce403110664 -> 
  custom:video-decoder-webm-vp8: 9c59270c3fd7afecdb556c50c9e8de78 -> 
  custom:audio-decoder-ogg-vorbis: bf7c407c2cedff20999df2af8eb42d56 -> 
  custom:audio-encoder-webm-vorbis: bf7c407c2cedff20999df2af8eb42d56 -> 
AssetImportWorkerClient::OnTransportError - code=2 error=End of file
